<?xml version="1.0" encoding="UTF-8"?>
<testng-results ignored="0" total="1" passed="1" failed="0" skipped="0">
  <reporter-output>
  </reporter-output>
  <suite started-at="2022-03-23T23:03:14 IST" name="Default suite" finished-at="2022-03-23T23:03:14 IST" duration-ms="68">
    <groups>
    </groups>
    <test started-at="2022-03-23T23:03:14 IST" name="Default test" finished-at="2022-03-23T23:03:14 IST" duration-ms="68">
      <class name="com.crm.PractiseVtigerDummy.ContactCreateTest">
        <test-method signature="createcontact()[pri:0, instance:com.crm.PractiseVtigerDummy.ContactCreateTest@6babf3bf]" started-at="2022-03-23T23:03:14 IST" name="createcontact" finished-at="2022-03-23T23:03:14 IST" duration-ms="11" status="PASS">
          <reporter-output>
          </reporter-output>
        </test-method> <!-- createcontact -->
      </class> <!-- com.crm.PractiseVtigerDummy.ContactCreateTest -->
    </test> <!-- Default test -->
  </suite> <!-- Default suite -->
</testng-results>
